<?xml version="1.0" encoding="UTF-8"?>
<!-- Generated by org.testng.reporters.JUnitReportReporter -->
<testsuite hostname="DESKTOP-2UTIDB1" failures="0" tests="1" name="runner.TestRunner" time="7.879" errors="0" timestamp="2025-01-08T07:24:49 IST" skipped="0">
  <testcase classname="runner.TestRunner" name="runScenario" time="7.879"/>
  <system-out/>
</testsuite> <!-- runner.TestRunner -->
