<?xml version="1.0" encoding="UTF-8"?>
<!-- Generated by org.testng.reporters.JUnitReportReporter -->
<testsuite hostname="DESKTOP-2UTIDB1" failures="0" tests="1" name="runner.TestRunner" time="0.247" errors="0" timestamp="2025-01-04T12:33:42 IST" skipped="0">
  <testcase classname="runner.TestRunner" name="runScenario" time="0.247"/>
  <system-out/>
</testsuite> <!-- runner.TestRunner -->
